<?xml version="1.0" encoding="UTF-8"?>
<!-- Generated by org.testng.reporters.JUnitXMLReporter -->
<testsuite hostname="DESKTOP-HO3C9IU" ignored="0" name="Surefire test" tests="5" failures="0" timestamp="16 Oct 2020 02:57:42 GMT" time="43.184" errors="0">
  <testcase name="GetEdgeUrl" time="12.004" classname="mavenProject.AbcTest"/>
  <testcase name="GetFirefoxUrl" time="13.952" classname="mavenProject.AbcTest"/>
  <testcase name="GetUrl" time="17.177" classname="mavenProject.AbcTest"/>
  <testcase name="methodOne" time="0.0" classname="mavenProject.AbcTest"/>
  <testcase name="methodTwo" time="0.0" classname="mavenProject.AbcTest"/>
</testsuite> <!-- Surefire test -->
