<?xml version="1.0" encoding="UTF-8"?>
<testsuite xmlns:xsi="http://www.w3.org/2001/XMLSchema-instance" xsi:noNamespaceSchemaLocation="https://maven.apache.org/surefire/maven-surefire-plugin/xsd/surefire-test-report-3.0.xsd" version="3.0" name="mavenProject.AbcTest" time="43.732" tests="5" errors="0" skipped="0" failures="0">
  <properties>
[...]
</properties>
  <testcase name="GetEdgeUrl" classname="mavenProject.AbcTest" time="12.004"/>
  <testcase name="GetFirefoxUrl" classname="mavenProject.AbcTest" time="13.951"/>
  <testcase name="GetUrl" classname="mavenProject.AbcTest" time="17.176"/>
  <testcase name="methodOne" classname="mavenProject.AbcTest" time="0.007"/>
  <testcase name="methodTwo" classname="mavenProject.AbcTest" time="0.003"/>
</testsuite>