<?xml version="1.0" encoding="UTF-8"?>
<testng-results ignored="0" total="5" passed="5" failed="0" skipped="0">
  <reporter-output>
  </reporter-output>
  <suite started-at="2020-10-21T15:32:55 IST" name="Default suite" finished-at="2020-10-21T15:34:29 IST" duration-ms="94325">
    <groups>
    </groups>
    <test started-at="2020-10-21T15:32:55 IST" name="Default test" finished-at="2020-10-21T15:34:29 IST" duration-ms="94325">
      <class name="mavenProject.AbcTest">
        <test-method is-config="true" signature="BrowserLaunch()[pri:0, instance:mavenProject.AbcTest@55b53d44]" started-at="2020-10-21T15:32:55 IST" name="BrowserLaunch" finished-at="2020-10-21T15:32:55 IST" duration-ms="13" status="PASS">
          <reporter-output>
          </reporter-output>
        </test-method> <!-- BrowserLaunch -->
        <test-method is-config="true" signature="BrowserLaunchFirefox()[pri:0, instance:mavenProject.AbcTest@55b53d44]" started-at="2020-10-21T15:32:55 IST" name="BrowserLaunchFirefox" finished-at="2020-10-21T15:32:55 IST" duration-ms="0" status="PASS">
          <reporter-output>
          </reporter-output>
        </test-method> <!-- BrowserLaunchFirefox -->
        <test-method is-config="true" signature="BrowserLaunchEdge()[pri:0, instance:mavenProject.AbcTest@55b53d44]" started-at="2020-10-21T15:32:55 IST" name="BrowserLaunchEdge" finished-at="2020-10-21T15:32:55 IST" duration-ms="0" status="PASS">
          <reporter-output>
          </reporter-output>
        </test-method> <!-- BrowserLaunchEdge -->
        <test-method signature="GetEdgeUrl()[pri:0, instance:mavenProject.AbcTest@55b53d44]" started-at="2020-10-21T15:32:55 IST" name="GetEdgeUrl" finished-at="2020-10-21T15:33:22 IST" duration-ms="27542" status="PASS">
          <reporter-output>
          </reporter-output>
        </test-method> <!-- GetEdgeUrl -->
        <test-method is-config="true" signature="afterMethod()[pri:0, instance:mavenProject.AbcTest@55b53d44]" started-at="2020-10-21T15:33:22 IST" name="afterMethod" finished-at="2020-10-21T15:33:22 IST" duration-ms="0" status="PASS">
          <reporter-output>
          </reporter-output>
        </test-method> <!-- afterMethod -->
        <test-method is-config="true" signature="edgeafterMethod()[pri:0, instance:mavenProject.AbcTest@55b53d44]" started-at="2020-10-21T15:33:22 IST" name="edgeafterMethod" finished-at="2020-10-21T15:33:22 IST" duration-ms="1" status="PASS">
          <reporter-output>
          </reporter-output>
        </test-method> <!-- edgeafterMethod -->
        <test-method is-config="true" signature="firefoxafterMethod()[pri:0, instance:mavenProject.AbcTest@55b53d44]" started-at="2020-10-21T15:33:22 IST" name="firefoxafterMethod" finished-at="2020-10-21T15:33:22 IST" duration-ms="0" status="PASS">
          <reporter-output>
          </reporter-output>
        </test-method> <!-- firefoxafterMethod -->
        <test-method is-config="true" signature="BrowserLaunch()[pri:0, instance:mavenProject.AbcTest@55b53d44]" started-at="2020-10-21T15:33:22 IST" name="BrowserLaunch" finished-at="2020-10-21T15:33:22 IST" duration-ms="1" status="PASS">
          <reporter-output>
          </reporter-output>
        </test-method> <!-- BrowserLaunch -->
        <test-method is-config="true" signature="BrowserLaunchEdge()[pri:0, instance:mavenProject.AbcTest@55b53d44]" started-at="2020-10-21T15:33:22 IST" name="BrowserLaunchEdge" finished-at="2020-10-21T15:33:22 IST" duration-ms="1" status="PASS">
          <reporter-output>
          </reporter-output>
        </test-method> <!-- BrowserLaunchEdge -->
        <test-method signature="GetFirefoxUrl()[pri:0, instance:mavenProject.AbcTest@55b53d44]" started-at="2020-10-21T15:33:22 IST" name="GetFirefoxUrl" finished-at="2020-10-21T15:33:56 IST" duration-ms="33610" status="PASS">
          <reporter-output>
          </reporter-output>
        </test-method> <!-- GetFirefoxUrl -->
        <test-method is-config="true" signature="BrowserLaunchFirefox()[pri:0, instance:mavenProject.AbcTest@55b53d44]" started-at="2020-10-21T15:33:22 IST" name="BrowserLaunchFirefox" finished-at="2020-10-21T15:33:22 IST" duration-ms="0" status="PASS">
          <reporter-output>
          </reporter-output>
        </test-method> <!-- BrowserLaunchFirefox -->
        <test-method is-config="true" signature="afterMethod()[pri:0, instance:mavenProject.AbcTest@55b53d44]" started-at="2020-10-21T15:33:56 IST" name="afterMethod" finished-at="2020-10-21T15:33:56 IST" duration-ms="1" status="PASS">
          <reporter-output>
          </reporter-output>
        </test-method> <!-- afterMethod -->
        <test-method is-config="true" signature="edgeafterMethod()[pri:0, instance:mavenProject.AbcTest@55b53d44]" started-at="2020-10-21T15:33:56 IST" name="edgeafterMethod" finished-at="2020-10-21T15:33:56 IST" duration-ms="0" status="PASS">
          <reporter-output>
          </reporter-output>
        </test-method> <!-- edgeafterMethod -->
        <test-method is-config="true" signature="firefoxafterMethod()[pri:0, instance:mavenProject.AbcTest@55b53d44]" started-at="2020-10-21T15:33:56 IST" name="firefoxafterMethod" finished-at="2020-10-21T15:33:56 IST" duration-ms="1" status="PASS">
          <reporter-output>
          </reporter-output>
        </test-method> <!-- firefoxafterMethod -->
        <test-method is-config="true" signature="BrowserLaunch()[pri:0, instance:mavenProject.AbcTest@55b53d44]" started-at="2020-10-21T15:33:56 IST" name="BrowserLaunch" finished-at="2020-10-21T15:33:56 IST" duration-ms="1" status="PASS">
          <reporter-output>
          </reporter-output>
        </test-method> <!-- BrowserLaunch -->
        <test-method is-config="true" signature="BrowserLaunchEdge()[pri:0, instance:mavenProject.AbcTest@55b53d44]" started-at="2020-10-21T15:33:56 IST" name="BrowserLaunchEdge" finished-at="2020-10-21T15:33:56 IST" duration-ms="1" status="PASS">
          <reporter-output>
          </reporter-output>
        </test-method> <!-- BrowserLaunchEdge -->
        <test-method is-config="true" signature="BrowserLaunchFirefox()[pri:0, instance:mavenProject.AbcTest@55b53d44]" started-at="2020-10-21T15:33:56 IST" name="BrowserLaunchFirefox" finished-at="2020-10-21T15:33:56 IST" duration-ms="1" status="PASS">
          <reporter-output>
          </reporter-output>
        </test-method> <!-- BrowserLaunchFirefox -->
        <test-method signature="GetUrl()[pri:0, instance:mavenProject.AbcTest@55b53d44]" started-at="2020-10-21T15:33:56 IST" name="GetUrl" finished-at="2020-10-21T15:34:29 IST" duration-ms="33041" status="PASS">
          <reporter-output>
          </reporter-output>
        </test-method> <!-- GetUrl -->
        <test-method is-config="true" signature="afterMethod()[pri:0, instance:mavenProject.AbcTest@55b53d44]" started-at="2020-10-21T15:34:29 IST" name="afterMethod" finished-at="2020-10-21T15:34:29 IST" duration-ms="1" status="PASS">
          <reporter-output>
          </reporter-output>
        </test-method> <!-- afterMethod -->
        <test-method is-config="true" signature="firefoxafterMethod()[pri:0, instance:mavenProject.AbcTest@55b53d44]" started-at="2020-10-21T15:34:29 IST" name="firefoxafterMethod" finished-at="2020-10-21T15:34:29 IST" duration-ms="0" status="PASS">
          <reporter-output>
          </reporter-output>
        </test-method> <!-- firefoxafterMethod -->
        <test-method is-config="true" signature="edgeafterMethod()[pri:0, instance:mavenProject.AbcTest@55b53d44]" started-at="2020-10-21T15:34:29 IST" name="edgeafterMethod" finished-at="2020-10-21T15:34:29 IST" duration-ms="0" status="PASS">
          <reporter-output>
          </reporter-output>
        </test-method> <!-- edgeafterMethod -->
        <test-method is-config="true" signature="BrowserLaunch()[pri:0, instance:mavenProject.AbcTest@55b53d44]" started-at="2020-10-21T15:34:29 IST" name="BrowserLaunch" finished-at="2020-10-21T15:34:29 IST" duration-ms="1" status="PASS">
          <reporter-output>
          </reporter-output>
        </test-method> <!-- BrowserLaunch -->
        <test-method is-config="true" signature="BrowserLaunchFirefox()[pri:0, instance:mavenProject.AbcTest@55b53d44]" started-at="2020-10-21T15:34:29 IST" name="BrowserLaunchFirefox" finished-at="2020-10-21T15:34:29 IST" duration-ms="1" status="PASS">
          <reporter-output>
          </reporter-output>
        </test-method> <!-- BrowserLaunchFirefox -->
        <test-method is-config="true" signature="BrowserLaunchEdge()[pri:0, instance:mavenProject.AbcTest@55b53d44]" started-at="2020-10-21T15:34:29 IST" name="BrowserLaunchEdge" finished-at="2020-10-21T15:34:29 IST" duration-ms="0" status="PASS">
          <reporter-output>
          </reporter-output>
        </test-method> <!-- BrowserLaunchEdge -->
        <test-method signature="methodOne()[pri:0, instance:mavenProject.AbcTest@55b53d44]" started-at="2020-10-21T15:34:29 IST" name="methodOne" finished-at="2020-10-21T15:34:29 IST" duration-ms="9" status="PASS">
          <reporter-output>
          </reporter-output>
        </test-method> <!-- methodOne -->
        <test-method is-config="true" signature="afterMethod()[pri:0, instance:mavenProject.AbcTest@55b53d44]" started-at="2020-10-21T15:34:29 IST" name="afterMethod" finished-at="2020-10-21T15:34:29 IST" duration-ms="3" status="PASS">
          <reporter-output>
          </reporter-output>
        </test-method> <!-- afterMethod -->
        <test-method is-config="true" signature="edgeafterMethod()[pri:0, instance:mavenProject.AbcTest@55b53d44]" started-at="2020-10-21T15:34:29 IST" name="edgeafterMethod" finished-at="2020-10-21T15:34:29 IST" duration-ms="0" status="PASS">
          <reporter-output>
          </reporter-output>
        </test-method> <!-- edgeafterMethod -->
        <test-method is-config="true" signature="firefoxafterMethod()[pri:0, instance:mavenProject.AbcTest@55b53d44]" started-at="2020-10-21T15:34:29 IST" name="firefoxafterMethod" finished-at="2020-10-21T15:34:29 IST" duration-ms="0" status="PASS">
          <reporter-output>
          </reporter-output>
        </test-method> <!-- firefoxafterMethod -->
        <test-method is-config="true" signature="BrowserLaunchFirefox()[pri:0, instance:mavenProject.AbcTest@55b53d44]" started-at="2020-10-21T15:34:29 IST" name="BrowserLaunchFirefox" finished-at="2020-10-21T15:34:29 IST" duration-ms="0" status="PASS">
          <reporter-output>
          </reporter-output>
        </test-method> <!-- BrowserLaunchFirefox -->
        <test-method is-config="true" signature="BrowserLaunch()[pri:0, instance:mavenProject.AbcTest@55b53d44]" started-at="2020-10-21T15:34:29 IST" name="BrowserLaunch" finished-at="2020-10-21T15:34:29 IST" duration-ms="0" status="PASS">
          <reporter-output>
          </reporter-output>
        </test-method> <!-- BrowserLaunch -->
        <test-method is-config="true" signature="BrowserLaunchEdge()[pri:0, instance:mavenProject.AbcTest@55b53d44]" started-at="2020-10-21T15:34:29 IST" name="BrowserLaunchEdge" finished-at="2020-10-21T15:34:29 IST" duration-ms="0" status="PASS">
          <reporter-output>
          </reporter-output>
        </test-method> <!-- BrowserLaunchEdge -->
        <test-method signature="methodTwo()[pri:0, instance:mavenProject.AbcTest@55b53d44]" started-at="2020-10-21T15:34:29 IST" name="methodTwo" finished-at="2020-10-21T15:34:29 IST" duration-ms="1" status="PASS">
          <reporter-output>
          </reporter-output>
        </test-method> <!-- methodTwo -->
        <test-method is-config="true" signature="afterMethod()[pri:0, instance:mavenProject.AbcTest@55b53d44]" started-at="2020-10-21T15:34:29 IST" name="afterMethod" finished-at="2020-10-21T15:34:29 IST" duration-ms="0" status="PASS">
          <reporter-output>
          </reporter-output>
        </test-method> <!-- afterMethod -->
        <test-method is-config="true" signature="edgeafterMethod()[pri:0, instance:mavenProject.AbcTest@55b53d44]" started-at="2020-10-21T15:34:29 IST" name="edgeafterMethod" finished-at="2020-10-21T15:34:29 IST" duration-ms="1" status="PASS">
          <reporter-output>
          </reporter-output>
        </test-method> <!-- edgeafterMethod -->
        <test-method is-config="true" signature="firefoxafterMethod()[pri:0, instance:mavenProject.AbcTest@55b53d44]" started-at="2020-10-21T15:34:29 IST" name="firefoxafterMethod" finished-at="2020-10-21T15:34:29 IST" duration-ms="0" status="PASS">
          <reporter-output>
          </reporter-output>
        </test-method> <!-- firefoxafterMethod -->
      </class> <!-- mavenProject.AbcTest -->
    </test> <!-- Default test -->
  </suite> <!-- Default suite -->
</testng-results>
