<?xml version="1.0" encoding="UTF-8"?>
<!-- Generated by org.testng.reporters.JUnitXMLReporter -->
<testsuite ignored="0" hostname="DESKTOP-HO3C9IU" failures="0" tests="5" name="Default test" time="94.325" errors="0" timestamp="2020-10-21T15:34:29 IST">
  <testcase classname="mavenProject.AbcTest" name="GetEdgeUrl" time="27.542"/>
  <testcase classname="mavenProject.AbcTest" name="GetFirefoxUrl" time="33.61"/>
  <testcase classname="mavenProject.AbcTest" name="GetUrl" time="33.041"/>
  <testcase classname="mavenProject.AbcTest" name="methodOne" time="0.009"/>
  <testcase classname="mavenProject.AbcTest" name="methodTwo" time="0.001"/>
</testsuite> <!-- Default test -->
